topup_hisabsservice/build/outputs/logs/manifest-merger-debug-report.txt
-- Merging decision tree log ---
manifest
ADDED from src\main\AndroidManifest.xml:2:1-36:12
INJECTED from src\main\AndroidManifest.xml:2:1-36:12
INJECTED from src\main\AndroidManifest.xml:2:1-36:12
MERGED from [com.android.support:design:25.1.0] AndroidManifest.xml:17:1-27:12
MERGED from [com.android.support:preference-v14:24.2.0] AndroidManifest.xml:2:1-11:12
MERGED from [com.android.support:preference-v7:24.2.0] AndroidManifest.xml:2:1-11:12
MERGED from [com.android.support:appcompat-v7:25.1.0] AndroidManifest.xml:17:1-27:12
MERGED from [com.android.support:transition:25.1.0] AndroidManifest.xml:17:1-24:12
MERGED from [com.google.android.gms:play-services-appindexing:8.4.0] AndroidManifest.xml:16:1-20:12
MERGED from [com.google.android.gms:play-services-base:8.4.0] AndroidManifest.xml:16:1-19:12
MERGED from [com.google.android.gms:play-services-basement:8.4.0] AndroidManifest.xml:16:1-26:12
MERGED from [com.android.support:support-v4:25.1.0] AndroidManifest.xml:17:1-27:12
MERGED from [com.android.support.constraint:constraint-layout:1.0.0-beta5] AndroidManifest.xml:2:1-11:12
MERGED from [com.android.support:cardview-v7:24.2.0] AndroidManifest.xml:17:1-24:12
MERGED from [com.jakewharton.rxbinding:rxbinding:0.4.0] AndroidManifest.xml:2:1-8:12
MERGED from [io.reactivex:rxandroid:1.2.1] AndroidManifest.xml:15:1-21:12
MERGED from [com.android.volley:volley:1.0.0] AndroidManifest.xml:2:1-11:12
MERGED from [com.android.support:animated-vector-drawable:25.1.0] AndroidManifest.xml:17:1-24:12
MERGED from [com.android.support:support-vector-drawable:25.1.0] AndroidManifest.xml:17:1-25:12
MERGED from [com.android.support:recyclerview-v7:25.1.0] AndroidManifest.xml:17:1-22:12
MERGED from [com.android.support:support-fragment:25.1.0] AndroidManifest.xml:17:1-27:12
MERGED from [com.android.support:support-media-compat:25.1.0] AndroidManifest.xml:17:1-27:12
MERGED from [com.android.support:support-core-utils:25.1.0] AndroidManifest.xml:17:1-27:12
MERGED from [com.android.support:support-core-ui:25.1.0] AndroidManifest.xml:17:1-27:12
MERGED from [com.android.support:support-compat:25.1.0] AndroidManifest.xml:17:1-27:12
INJECTED from src\main\AndroidManifest.xml:2:1-36:12
INJECTED from src\main\AndroidManifest.xml:2:1-36:12
	package
		ADDED from src\main\AndroidManifest.xml:4:5-52
	android:versionName
		INJECTED from src\main\AndroidManifest.xml
		ADDED from src\main\AndroidManifest.xml:2:1-36:12
		INJECTED from src\main\AndroidManifest.xml
	xmlns:tools
		ADDED from src\main\AndroidManifest.xml:3:5-51
	android:versionCode
		INJECTED from src\main\AndroidManifest.xml
		ADDED from src\main\AndroidManifest.xml:2:1-36:12
		INJECTED from src\main\AndroidManifest.xml
	xmlns:android
		ADDED from src\main\AndroidManifest.xml:2:11-69
application
ADDED from src\main\AndroidManifest.xml:6:5-34:19
MERGED from [com.android.support:design:25.1.0] AndroidManifest.xml:25:5-20
MERGED from [com.android.support:design:25.1.0] AndroidManifest.xml:25:5-20
MERGED from [com.android.support:preference-v14:24.2.0] AndroidManifest.xml:9:5-20
MERGED from [com.android.support:preference-v14:24.2.0] AndroidManifest.xml:9:5-20
MERGED from [com.android.support:preference-v7:24.2.0] AndroidManifest.xml:9:5-20
MERGED from [com.android.support:preference-v7:24.2.0] AndroidManifest.xml:9:5-20
MERGED from [com.android.support:appcompat-v7:25.1.0] AndroidManifest.xml:25:5-20
MERGED from [com.android.support:appcompat-v7:25.1.0] AndroidManifest.xml:25:5-20
MERGED from [com.android.support:transition:25.1.0] AndroidManifest.xml:22:5-20
MERGED from [com.android.support:transition:25.1.0] AndroidManifest.xml:22:5-20
MERGED from [com.google.android.gms:play-services-appindexing:8.4.0] AndroidManifest.xml:19:5-20
MERGED from [com.google.android.gms:play-services-appindexing:8.4.0] AndroidManifest.xml:19:5-20
MERGED from [com.google.android.gms:play-services-basement:8.4.0] AndroidManifest.xml:20:5-24:19
MERGED from [com.google.android.gms:play-services-basement:8.4.0] AndroidManifest.xml:20:5-24:19
MERGED from [com.android.support:support-v4:25.1.0] AndroidManifest.xml:25:5-20
MERGED from [com.android.support:support-v4:25.1.0] AndroidManifest.xml:25:5-20
MERGED from [com.android.support.constraint:constraint-layout:1.0.0-beta5] AndroidManifest.xml:9:5-20
MERGED from [com.android.support.constraint:constraint-layout:1.0.0-beta5] AndroidManifest.xml:9:5-20
MERGED from [com.android.support:cardview-v7:24.2.0] AndroidManifest.xml:22:5-20
MERGED from [com.android.support:cardview-v7:24.2.0] AndroidManifest.xml:22:5-20
MERGED from [com.android.volley:volley:1.0.0] AndroidManifest.xml:9:5-20
MERGED from [com.android.volley:volley:1.0.0] AndroidManifest.xml:9:5-20
MERGED from [com.android.support:animated-vector-drawable:25.1.0] AndroidManifest.xml:22:5-20
MERGED from [com.android.support:animated-vector-drawable:25.1.0] AndroidManifest.xml:22:5-20
MERGED from [com.android.support:support-vector-drawable:25.1.0] AndroidManifest.xml:23:5-20
MERGED from [com.android.support:support-vector-drawable:25.1.0] AndroidManifest.xml:23:5-20
MERGED from [com.android.support:support-fragment:25.1.0] AndroidManifest.xml:25:5-20
MERGED from [com.android.support:support-fragment:25.1.0] AndroidManifest.xml:25:5-20
MERGED from [com.android.support:support-media-compat:25.1.0] AndroidManifest.xml:25:5-20
MERGED from [com.android.support:support-media-compat:25.1.0] AndroidManifest.xml:25:5-20
MERGED from [com.android.support:support-core-utils:25.1.0] AndroidManifest.xml:25:5-20
MERGED from [com.android.support:support-core-utils:25.1.0] AndroidManifest.xml:25:5-20
MERGED from [com.android.support:support-core-ui:25.1.0] AndroidManifest.xml:25:5-20
MERGED from [com.android.support:support-core-ui:25.1.0] AndroidManifest.xml:25:5-20
MERGED from [com.android.support:support-compat:25.1.0] AndroidManifest.xml:25:5-20
MERGED from [com.android.support:support-compat:25.1.0] AndroidManifest.xml:25:5-20
	android:supportsRtl
		ADDED from src\main\AndroidManifest.xml:10:9-35
	android:label
		ADDED from src\main\AndroidManifest.xml:9:9-41
	android:icon
		ADDED from src\main\AndroidManifest.xml:8:9-53
	android:allowBackup
		ADDED from src\main\AndroidManifest.xml:7:9-35
	android:theme
		ADDED from src\main\AndroidManifest.xml:11:9-40
	tools:replace
		ADDED from src\main\AndroidManifest.xml:12:9-30
activity#com.emmajack.hisab.topup_hisabservice.dashboardmenu.Service_topup
ADDED from src\main\AndroidManifest.xml:13:9-30:20
	android:parentActivityName
		ADDED from src\main\AndroidManifest.xml:16:13-102
	android:exported
		ADDED from src\main\AndroidManifest.xml:15:13-36
	android:name
		ADDED from src\main\AndroidManifest.xml:14:13-56
intent-filter#android.intent.category.DEFAULT+com.emmajack.hisab.topup_hisabservice.dashboardmenu.Service_topup
ADDED from src\main\AndroidManifest.xml:19:13-23:29
action#com.emmajack.hisab.topup_hisabservice.dashboardmenu.Service_topup
ADDED from src\main\AndroidManifest.xml:20:17-108
	android:name
		ADDED from src\main\AndroidManifest.xml:20:25-105
category#android.intent.category.DEFAULT
ADDED from src\main\AndroidManifest.xml:22:17-76
	android:name
		ADDED from src\main\AndroidManifest.xml:22:27-73
intent-filter#android.intent.action.MAIN+android.intent.category.LAUNCHER
ADDED from src\main\AndroidManifest.xml:25:13-29:29
action#android.intent.action.MAIN
ADDED from src\main\AndroidManifest.xml:26:17-69
	android:name
		ADDED from src\main\AndroidManifest.xml:26:25-66
category#android.intent.category.LAUNCHER
ADDED from src\main\AndroidManifest.xml:28:17-77
	android:name
		ADDED from src\main\AndroidManifest.xml:28:27-74
activity#com.emmajack.hisab.topup_hisabservice.activity.MainActivity
ADDED from src\main\AndroidManifest.xml:31:9-33:20
	android:name
		ADDED from src\main\AndroidManifest.xml:31:19-56
uses-sdk
INJECTED from src\main\AndroidManifest.xml reason: use-sdk injection requested
INJECTED from src\main\AndroidManifest.xml
INJECTED from src\main\AndroidManifest.xml
MERGED from [com.android.support:design:25.1.0] AndroidManifest.xml:21:5-23:62
MERGED from [com.android.support:design:25.1.0] AndroidManifest.xml:21:5-23:62
MERGED from [com.android.support:preference-v14:24.2.0] AndroidManifest.xml:7:5-44
MERGED from [com.android.support:preference-v14:24.2.0] AndroidManifest.xml:7:5-44
MERGED from [com.android.support:preference-v7:24.2.0] AndroidManifest.xml:7:5-43
MERGED from [com.android.support:preference-v7:24.2.0] AndroidManifest.xml:7:5-43
MERGED from [com.android.support:appcompat-v7:25.1.0] AndroidManifest.xml:21:5-23:78
MERGED from [com.android.support:appcompat-v7:25.1.0] AndroidManifest.xml:21:5-23:78
MERGED from [com.android.support:transition:25.1.0] AndroidManifest.xml:20:5-44
MERGED from [com.android.support:transition:25.1.0] AndroidManifest.xml:20:5-44
MERGED from [com.google.android.gms:play-services-appindexing:8.4.0] AndroidManifest.xml:18:5-42
MERGED from [com.google.android.gms:play-services-appindexing:8.4.0] AndroidManifest.xml:18:5-42
MERGED from [com.google.android.gms:play-services-base:8.4.0] AndroidManifest.xml:18:5-42
MERGED from [com.google.android.gms:play-services-base:8.4.0] AndroidManifest.xml:18:5-42
MERGED from [com.google.android.gms:play-services-basement:8.4.0] AndroidManifest.xml:18:5-42
MERGED from [com.google.android.gms:play-services-basement:8.4.0] AndroidManifest.xml:18:5-42
MERGED from [com.android.support:support-v4:25.1.0] AndroidManifest.xml:21:5-23:54
MERGED from [com.android.support:support-v4:25.1.0] AndroidManifest.xml:21:5-23:54
MERGED from [com.android.support.constraint:constraint-layout:1.0.0-beta5] AndroidManifest.xml:5:5-7:41
MERGED from [com.android.support.constraint:constraint-layout:1.0.0-beta5] AndroidManifest.xml:5:5-7:41
MERGED from [com.android.support:cardview-v7:24.2.0] AndroidManifest.xml:20:5-43
MERGED from [com.android.support:cardview-v7:24.2.0] AndroidManifest.xml:20:5-43
MERGED from [com.jakewharton.rxbinding:rxbinding:0.4.0] AndroidManifest.xml:6:5-44
MERGED from [com.jakewharton.rxbinding:rxbinding:0.4.0] AndroidManifest.xml:6:5-44
MERGED from [io.reactivex:rxandroid:1.2.1] AndroidManifest.xml:19:5-43
MERGED from [io.reactivex:rxandroid:1.2.1] AndroidManifest.xml:19:5-43
MERGED from [com.android.volley:volley:1.0.0] AndroidManifest.xml:7:5-43
MERGED from [com.android.volley:volley:1.0.0] AndroidManifest.xml:7:5-43
MERGED from [com.android.support:animated-vector-drawable:25.1.0] AndroidManifest.xml:20:5-44
MERGED from [com.android.support:animated-vector-drawable:25.1.0] AndroidManifest.xml:20:5-44
MERGED from [com.android.support:support-vector-drawable:25.1.0] AndroidManifest.xml:21:5-43
MERGED from [com.android.support:support-vector-drawable:25.1.0] AndroidManifest.xml:21:5-43
MERGED from [com.android.support:recyclerview-v7:25.1.0] AndroidManifest.xml:20:5-43
MERGED from [com.android.support:recyclerview-v7:25.1.0] AndroidManifest.xml:20:5-43
MERGED from [com.android.support:support-fragment:25.1.0] AndroidManifest.xml:21:5-23:60
MERGED from [com.android.support:support-fragment:25.1.0] AndroidManifest.xml:21:5-23:60
MERGED from [com.android.support:support-media-compat:25.1.0] AndroidManifest.xml:21:5-23:63
MERGED from [com.android.support:support-media-compat:25.1.0] AndroidManifest.xml:21:5-23:63
MERGED from [com.android.support:support-core-utils:25.1.0] AndroidManifest.xml:21:5-23:61
MERGED from [com.android.support:support-core-utils:25.1.0] AndroidManifest.xml:21:5-23:61
MERGED from [com.android.support:support-core-ui:25.1.0] AndroidManifest.xml:21:5-23:58
MERGED from [com.android.support:support-core-ui:25.1.0] AndroidManifest.xml:21:5-23:58
MERGED from [com.android.support:support-compat:25.1.0] AndroidManifest.xml:21:5-23:58
MERGED from [com.android.support:support-compat:25.1.0] AndroidManifest.xml:21:5-23:58
INJECTED from src\main\AndroidManifest.xml
INJECTED from src\main\AndroidManifest.xml
	tools:overrideLibrary
		ADDED from [com.android.support:design:25.1.0] AndroidManifest.xml:23:9-59
	android:targetSdkVersion
		INJECTED from src\main\AndroidManifest.xml
		ADDED from src\main\AndroidManifest.xml
		INJECTED from src\main\AndroidManifest.xml
	android:minSdkVersion
		INJECTED from src\main\AndroidManifest.xml
		ADDED from src\main\AndroidManifest.xml
		INJECTED from src\main\AndroidManifest.xml
meta-data#com.google.android.gms.version
ADDED from [com.google.android.gms:play-services-basement:8.4.0] AndroidManifest.xml:21:9-23:69
	android:value
		ADDED from [com.google.android.gms:play-services-basement:8.4.0] AndroidManifest.xml:23:13-66
	android:name
		ADDED from [com.google.android.gms:play-services-basement:8.4.0] AndroidManifest.xml:22:13-58